<?xml version="1.0" encoding="UTF-8"?>
<testsuite name="com.notesapp.app.AppApplicationTests" tests="1" skipped="0" failures="0" errors="0" timestamp="2019-05-09T19:37:14" hostname="Gabriels-MBP" time="0.158">
  <properties/>
  <testcase name="contextLoads" classname="com.notesapp.app.AppApplicationTests" time="0.158"/>
  <system-out><![CDATA[22:37:11.823 [Test worker] DEBUG org.springframework.test.context.junit4.SpringJUnit4ClassRunner - SpringJUnit4ClassRunner constructor called with [class com.notesapp.app.AppApplicationTests]
22:37:11.830 [Test worker] DEBUG org.springframework.test.context.BootstrapUtils - Instantiating CacheAwareContextLoaderDelegate from class [org.springframework.test.context.cache.DefaultCacheAwareContextLoaderDelegate]
22:37:11.836 [Test worker] DEBUG org.springframework.test.context.BootstrapUtils - Instantiating BootstrapContext using constructor [public org.springframework.test.context.support.DefaultBootstrapContext(java.lang.Class,org.springframework.test.context.CacheAwareContextLoaderDelegate)]
22:37:11.850 [Test worker] DEBUG org.springframework.test.context.BootstrapUtils - Instantiating TestContextBootstrapper for test class [com.notesapp.app.AppApplicationTests] from class [org.springframework.boot.test.context.SpringBootTestContextBootstrapper]
22:37:11.861 [Test worker] INFO org.springframework.boot.test.context.SpringBootTestContextBootstrapper - Neither @ContextConfiguration nor @ContextHierarchy found for test class [com.notesapp.app.AppApplicationTests], using SpringBootContextLoader
22:37:11.863 [Test worker] DEBUG org.springframework.test.context.support.AbstractContextLoader - Did not detect default resource location for test class [com.notesapp.app.AppApplicationTests]: class path resource [com/notesapp/app/AppApplicationTests-context.xml] does not exist
22:37:11.864 [Test worker] DEBUG org.springframework.test.context.support.AbstractContextLoader - Did not detect default resource location for test class [com.notesapp.app.AppApplicationTests]: class path resource [com/notesapp/app/AppApplicationTestsContext.groovy] does not exist
22:37:11.864 [Test worker] INFO org.springframework.test.context.support.AbstractContextLoader - Could not detect default resource locations for test class [com.notesapp.app.AppApplicationTests]: no resource found for suffixes {-context.xml, Context.groovy}.
22:37:11.865 [Test worker] INFO org.springframework.test.context.support.AnnotationConfigContextLoaderUtils - Could not detect default configuration classes for test class [com.notesapp.app.AppApplicationTests]: AppApplicationTests does not declare any static, non-private, non-final, nested classes annotated with @Configuration.
22:37:11.901 [Test worker] DEBUG org.springframework.test.context.support.ActiveProfilesUtils - Could not find an 'annotation declaring class' for annotation type [org.springframework.test.context.ActiveProfiles] and class [com.notesapp.app.AppApplicationTests]
22:37:11.955 [Test worker] DEBUG org.springframework.context.annotation.ClassPathScanningCandidateComponentProvider - Identified candidate component class: file [/Users/gabrielmunits/Desktop/notesapp/application/build/classes/java/main/com/notesapp/app/AppApplication.class]
22:37:11.956 [Test worker] INFO org.springframework.boot.test.context.SpringBootTestContextBootstrapper - Found @SpringBootConfiguration com.notesapp.app.AppApplication for test class com.notesapp.app.AppApplicationTests
22:37:12.037 [Test worker] DEBUG org.springframework.boot.test.context.SpringBootTestContextBootstrapper - @TestExecutionListeners is not present for class [com.notesapp.app.AppApplicationTests]: using defaults.
22:37:12.038 [Test worker] INFO org.springframework.boot.test.context.SpringBootTestContextBootstrapper - Loaded default TestExecutionListener class names from location [META-INF/spring.factories]: [org.springframework.security.test.context.support.WithSecurityContextTestExecutionListener, org.springframework.security.test.context.support.ReactorContextTestExecutionListener, org.springframework.boot.test.autoconfigure.restdocs.RestDocsTestExecutionListener, org.springframework.boot.test.autoconfigure.web.client.MockRestServiceServerResetTestExecutionListener, org.springframework.boot.test.autoconfigure.web.servlet.MockMvcPrintOnlyOnFailureTestExecutionListener, org.springframework.boot.test.autoconfigure.web.servlet.WebDriverTestExecutionListener, org.springframework.boot.test.mock.mockito.MockitoTestExecutionListener, org.springframework.boot.test.mock.mockito.ResetMocksTestExecutionListener, org.springframework.test.context.web.ServletTestExecutionListener, org.springframework.test.context.support.DirtiesContextBeforeModesTestExecutionListener, org.springframework.test.context.support.DependencyInjectionTestExecutionListener, org.springframework.test.context.support.DirtiesContextTestExecutionListener, org.springframework.test.context.transaction.TransactionalTestExecutionListener, org.springframework.test.context.jdbc.SqlScriptsTestExecutionListener]
22:37:12.052 [Test worker] INFO org.springframework.boot.test.context.SpringBootTestContextBootstrapper - Using TestExecutionListeners: [org.springframework.test.context.web.ServletTestExecutionListener@71015ecd, org.springframework.test.context.support.DirtiesContextBeforeModesTestExecutionListener@7a54bedf, org.springframework.boot.test.mock.mockito.MockitoTestExecutionListener@99b1f7b, org.springframework.boot.test.autoconfigure.SpringBootDependencyInjectionTestExecutionListener@2e24e9c1, org.springframework.test.context.support.DirtiesContextTestExecutionListener@55283dfe, org.springframework.test.context.transaction.TransactionalTestExecutionListener@ad5d3c2, org.springframework.test.context.jdbc.SqlScriptsTestExecutionListener@5be47524, org.springframework.security.test.context.support.WithSecurityContextTestExecutionListener@5207f578, org.springframework.security.test.context.support.ReactorContextTestExecutionListener@46d4e50b, org.springframework.boot.test.autoconfigure.restdocs.RestDocsTestExecutionListener@623b75d0, org.springframework.boot.test.autoconfigure.web.client.MockRestServiceServerResetTestExecutionListener@1a0e61e6, org.springframework.boot.test.autoconfigure.web.servlet.MockMvcPrintOnlyOnFailureTestExecutionListener@774ffbea, org.springframework.boot.test.autoconfigure.web.servlet.WebDriverTestExecutionListener@16d2a4b5, org.springframework.boot.test.mock.mockito.ResetMocksTestExecutionListener@2ffed64a]
22:37:12.055 [Test worker] DEBUG org.springframework.test.annotation.ProfileValueUtils - Retrieved @ProfileValueSourceConfiguration [null] for test class [com.notesapp.app.AppApplicationTests]
22:37:12.055 [Test worker] DEBUG org.springframework.test.annotation.ProfileValueUtils - Retrieved ProfileValueSource type [class org.springframework.test.annotation.SystemProfileValueSource] for class [com.notesapp.app.AppApplicationTests]
22:37:12.056 [Test worker] DEBUG org.springframework.test.annotation.ProfileValueUtils - Retrieved @ProfileValueSourceConfiguration [null] for test class [com.notesapp.app.AppApplicationTests]
22:37:12.056 [Test worker] DEBUG org.springframework.test.annotation.ProfileValueUtils - Retrieved ProfileValueSource type [class org.springframework.test.annotation.SystemProfileValueSource] for class [com.notesapp.app.AppApplicationTests]
22:37:12.059 [Test worker] DEBUG org.springframework.test.context.support.AbstractDirtiesContextTestExecutionListener - Before test class: context [DefaultTestContext@7534c567 testClass = AppApplicationTests, testInstance = [null], testMethod = [null], testException = [null], mergedContextConfiguration = [WebMergedContextConfiguration@33c36f85 testClass = AppApplicationTests, locations = '{}', classes = '{class com.notesapp.app.AppApplication}', contextInitializerClasses = '[]', activeProfiles = '{}', propertySourceLocations = '{}', propertySourceProperties = '{org.springframework.boot.test.context.SpringBootTestContextBootstrapper=true}', contextCustomizers = set[org.springframework.boot.test.autoconfigure.properties.PropertyMappingContextCustomizer@0, org.springframework.boot.test.autoconfigure.web.servlet.WebDriverContextCustomizerFactory$Customizer@d5faade, org.springframework.boot.test.context.filter.ExcludeFilterContextCustomizer@7f6ffac8, org.springframework.boot.test.json.DuplicateJsonObjectContextCustomizerFactory$DuplicateJsonObjectContextCustomizer@58674c, org.springframework.boot.test.mock.mockito.MockitoContextCustomizer@0, org.springframework.boot.test.web.client.TestRestTemplateContextCustomizer@2ff92b72], resourceBasePath = 'src/main/webapp', contextLoader = 'org.springframework.boot.test.context.SpringBootContextLoader', parent = [null]], attributes = map['org.springframework.test.context.web.ServletTestExecutionListener.activateListener' -> true]], class annotated with @DirtiesContext [false] with mode [null].
22:37:12.060 [Test worker] DEBUG org.springframework.test.annotation.ProfileValueUtils - Retrieved @ProfileValueSourceConfiguration [null] for test class [com.notesapp.app.AppApplicationTests]
22:37:12.060 [Test worker] DEBUG org.springframework.test.annotation.ProfileValueUtils - Retrieved ProfileValueSource type [class org.springframework.test.annotation.SystemProfileValueSource] for class [com.notesapp.app.AppApplicationTests]
22:37:12.076 [Test worker] DEBUG org.springframework.test.context.support.TestPropertySourceUtils - Adding inlined properties to environment: {spring.jmx.enabled=false, org.springframework.boot.test.context.SpringBootTestContextBootstrapper=true, server.port=-1}

  .   ____          _            __ _ _
 /\\ / ___'_ __ _ _(_)_ __  __ _ \ \ \ \
( ( )\___ | '_ | '_| | '_ \/ _` | \ \ \ \
 \\/  ___)| |_)| | | | | || (_| |  ) ) ) )
  '  |____| .__|_| |_|_| |_\__, | / / / /
 =========|_|==============|___/=/_/_/_/
 :: Spring Boot ::        (v2.1.4.RELEASE)

2019-05-09 22:37:12.256  INFO 44823 --- [    Test worker] com.notesapp.app.AppApplicationTests     : Starting AppApplicationTests on Gabriels-MBP with PID 44823 (started by gabrielmunits in /Users/gabrielmunits/Desktop/notesapp/application)
2019-05-09 22:37:12.257  INFO 44823 --- [    Test worker] com.notesapp.app.AppApplicationTests     : No active profile set, falling back to default profiles: default
2019-05-09 22:37:12.874  INFO 44823 --- [    Test worker] .s.d.r.c.RepositoryConfigurationDelegate : Bootstrapping Spring Data repositories in DEFAULT mode.
2019-05-09 22:37:12.895  INFO 44823 --- [    Test worker] .s.d.r.c.RepositoryConfigurationDelegate : Finished Spring Data repository scanning in 16ms. Found 0 repository interfaces.
2019-05-09 22:37:13.156  INFO 44823 --- [    Test worker] trationDelegate$BeanPostProcessorChecker : Bean 'org.springframework.kafka.annotation.KafkaBootstrapConfiguration' of type [org.springframework.kafka.annotation.KafkaBootstrapConfiguration$$EnhancerBySpringCGLIB$$8bfc8c0a] is not eligible for getting processed by all BeanPostProcessors (for example: not eligible for auto-proxying)
2019-05-09 22:37:13.665  INFO 44823 --- [    Test worker] o.s.s.concurrent.ThreadPoolTaskExecutor  : Initializing ExecutorService 'applicationTaskExecutor'
2019-05-09 22:37:14.225  INFO 44823 --- [    Test worker] .s.s.UserDetailsServiceAutoConfiguration : 

Using generated security password: b1b179ea-e74a-4cfd-8086-041fd986e20d

2019-05-09 22:37:14.361  INFO 44823 --- [    Test worker] o.s.s.web.DefaultSecurityFilterChain     : Creating filter chain: any request, [org.springframework.security.web.context.request.async.WebAsyncManagerIntegrationFilter@16caf7aa, org.springframework.security.web.context.SecurityContextPersistenceFilter@4d081429, org.springframework.security.web.header.HeaderWriterFilter@7633d853, org.springframework.security.web.csrf.CsrfFilter@7088eb4c, org.springframework.security.web.authentication.logout.LogoutFilter@74aeb946, org.springframework.security.web.authentication.UsernamePasswordAuthenticationFilter@158510a0, org.springframework.security.web.authentication.ui.DefaultLoginPageGeneratingFilter@4687c9d0, org.springframework.security.web.authentication.ui.DefaultLogoutPageGeneratingFilter@327fa0de, org.springframework.security.web.authentication.www.BasicAuthenticationFilter@7613681d, org.springframework.security.web.savedrequest.RequestCacheAwareFilter@320dced4, org.springframework.security.web.servletapi.SecurityContextHolderAwareRequestFilter@1609ecc8, org.springframework.security.web.authentication.AnonymousAuthenticationFilter@7f38198d, org.springframework.security.web.session.SessionManagementFilter@8409bd6, org.springframework.security.web.access.ExceptionTranslationFilter@7dd2d8e7, org.springframework.security.web.access.intercept.FilterSecurityInterceptor@f284988]
2019-05-09 22:37:14.446  INFO 44823 --- [    Test worker] com.notesapp.app.AppApplicationTests     : Started AppApplicationTests in 2.363 seconds (JVM running for 3.092)
]]></system-out>
  <system-err><![CDATA[]]></system-err>
</testsuite>
